<?xml version="1.0" encoding="UTF-8"?>
<!-- Generated by org.testng.reporters.JUnitReportReporter -->
<testsuite hostname="LPANDIRI-E7440" failures="0" tests="2" name="com.qa.regression.adminportal.patients.tests.TC10_AdminPortal_Patients_MatchPatientWithPhysicianByProviderLastName" time="72.020" errors="0" timestamp="2022-03-09T14:50:54 EST" skipped="0">
  <testcase classname="com.qa.regression.adminportal.patients.tests.TC10_AdminPortal_Patients_MatchPatientWithPhysicianByProviderLastName" name="Verify_Patients_MatchPrimaryPhysician_ProviderLastName_DrugReimbursement" time="38.903"/>
  <system-out/>
  <testcase classname="com.qa.regression.adminportal.patients.tests.TC10_AdminPortal_Patients_MatchPatientWithPhysicianByProviderLastName" name="Verify_Patients_MatchSecondaryPhysician_ProviderLastName_DrugReimbursement" time="33.117"/>
  <system-out/>
</testsuite> <!-- com.qa.regression.adminportal.patients.tests.TC10_AdminPortal_Patients_MatchPatientWithPhysicianByProviderLastName -->
