<?xml version="1.0" encoding="UTF-8"?>
<!-- Generated by org.testng.reporters.JUnitReportReporter -->
<testsuite hostname="LPANDIRI-E7440" failures="0" tests="2" name="com.qa.regression.adminportal.patients.tests.TC27_AdminPortal_TreatmentsTab_VerifyPatientPaysFieldDefaultValueTest" time="126.072" errors="0" timestamp="2022-03-09T14:50:54 EST" skipped="1">
  <testcase classname="com.qa.regression.adminportal.patients.tests.TC27_AdminPortal_TreatmentsTab_VerifyPatientPaysFieldDefaultValueTest" name="VerifyPatientPaysDefaultValueInTreatmentsTabForPatient" time="126.072"/>
  <system-out/>
  <testcase classname="com.qa.regression.adminportal.patients.tests.TC27_AdminPortal_TreatmentsTab_VerifyPatientPaysFieldDefaultValueTest" name="VerifyPatientPaysDefaultValueInTreatmentsTabForPatient_BothTypeEnrollment">
    <skipped/>
  </testcase> <!-- VerifyPatientPaysDefaultValueInTreatmentsTabForPatient_BothTypeEnrollment -->
  <system-out/>
</testsuite> <!-- com.qa.regression.adminportal.patients.tests.TC27_AdminPortal_TreatmentsTab_VerifyPatientPaysFieldDefaultValueTest -->
