<?xml version="1.0" encoding="UTF-8"?>
<!-- Generated by org.testng.reporters.JUnitReportReporter -->
<testsuite hostname="LPANDIRI-E7440" failures="0" tests="1" name="com.Replatform.qa.Fax.test.TC05_AdminPortal_Faxes_IncomingFaxesReviewPageContentTest" time="87.407" errors="0" timestamp="2022-03-09T14:50:54 EST" skipped="0">
  <testcase classname="com.Replatform.qa.Fax.test.TC05_AdminPortal_Faxes_IncomingFaxesReviewPageContentTest" name="Verify_Incoming_ReviewPageContent" time="87.407"/>
  <system-out/>
</testsuite> <!-- com.Replatform.qa.Fax.test.TC05_AdminPortal_Faxes_IncomingFaxesReviewPageContentTest -->
