<?xml version="1.0" encoding="UTF-8"?>
<!-- Generated by org.testng.reporters.JUnitReportReporter -->
<testsuite hostname="LPANDIRI-E7440" failures="0" tests="3" name="com.adminXolair.qa.providerstest.tests.TC25_AdminPortal_PG_BO_VerifyAbilityToAddGPInBOAndUngroupBOInGPParentProvidersTabTest" time="291.311" errors="0" timestamp="2022-03-09T14:50:54 EST" skipped="0">
  <testcase classname="com.adminXolair.qa.providerstest.tests.TC25_AdminPortal_PG_BO_VerifyAbilityToAddGPInBOAndUngroupBOInGPParentProvidersTabTest" name="Verify_PG_BO_ProvidersTab_AddAndUngroupProviderByProviderNPI" time="96.274"/>
  <system-out/>
  <testcase classname="com.adminXolair.qa.providerstest.tests.TC25_AdminPortal_PG_BO_VerifyAbilityToAddGPInBOAndUngroupBOInGPParentProvidersTabTest" name="Verify_PG_BO_ProvidersTab_AddAndUngroupProviderByProviderName" time="98.019"/>
  <system-out/>
  <testcase classname="com.adminXolair.qa.providerstest.tests.TC25_AdminPortal_PG_BO_VerifyAbilityToAddGPInBOAndUngroupBOInGPParentProvidersTabTest" name="Verify_PG_BO_ProvidersTab_AddAndUngroupProviderByProviderLastName" time="97.018"/>
  <system-out/>
</testsuite> <!-- com.adminXolair.qa.providerstest.tests.TC25_AdminPortal_PG_BO_VerifyAbilityToAddGPInBOAndUngroupBOInGPParentProvidersTabTest -->
