<?xml version="1.0" encoding="UTF-8"?>
<!-- Generated by org.testng.reporters.JUnitReportReporter -->
<testsuite hostname="LPANDIRI-E7440" failures="0" tests="2" name="com.qa.regression.adminportal.patients.tests.TC15_AdminPortal_Patients_MatchPatientWithPhysicianByBOName" time="66.149" errors="0" timestamp="2022-03-09T14:50:54 EST" skipped="0">
  <testcase classname="com.qa.regression.adminportal.patients.tests.TC15_AdminPortal_Patients_MatchPatientWithPhysicianByBOName" name="Verify_Patients_MatchPrimaryPhysician_BOName_DrugReimbursement" time="31.513"/>
  <system-out/>
  <testcase classname="com.qa.regression.adminportal.patients.tests.TC15_AdminPortal_Patients_MatchPatientWithPhysicianByBOName" name="Verify_Patients_MatchSecondaryPhysician_BOName_DrugReimbursement" time="34.636"/>
  <system-out/>
</testsuite> <!-- com.qa.regression.adminportal.patients.tests.TC15_AdminPortal_Patients_MatchPatientWithPhysicianByBOName -->
