<?xml version="1.0" encoding="UTF-8"?>
<!-- Generated by org.testng.reporters.JUnitReportReporter -->
<testsuite hostname="LPANDIRI-E7440" failures="0" tests="1" name="com.qa.e2e.CTPWorkflow.tests.New_TC03_CTP_VerifyEnrollmentLetterInAdmin" time="69.323" errors="0" timestamp="2022-02-03T22:12:20 EST" skipped="0">
  <testcase classname="com.qa.e2e.CTPWorkflow.tests.New_TC03_CTP_VerifyEnrollmentLetterInAdmin" name="SearchPatient" time="69.323"/>
  <system-out/>
</testsuite> <!-- com.qa.e2e.CTPWorkflow.tests.New_TC03_CTP_VerifyEnrollmentLetterInAdmin -->
