<?xml version="1.0" encoding="UTF-8"?>
<!-- Generated by org.testng.reporters.JUnitReportReporter -->
<testsuite hostname="LPANDIRI-E7440" failures="0" tests="1" name="com.qa.e2e.CTMWorkflow.tests.New_TC04_HCPPortal_CTM_UploadDocument" time="89.121" errors="0" timestamp="2022-02-03T22:12:20 EST" skipped="0">
  <testcase classname="com.qa.e2e.CTMWorkflow.tests.New_TC04_HCPPortal_CTM_UploadDocument" name="HCPUpload" time="89.121"/>
  <system-out/>
</testsuite> <!-- com.qa.e2e.CTMWorkflow.tests.New_TC04_HCPPortal_CTM_UploadDocument -->
