<?xml version="1.0" encoding="UTF-8"?>
<!-- Generated by org.testng.reporters.JUnitReportReporter -->
<testsuite hostname="LPANDIRI-E7440" failures="0" tests="2" name="com.qa.regression.adminportal.patients.tests.TC11_AdminPortal_Patients_MatchPatientWithPhysicianByProviderNPI" time="78.068" errors="0" timestamp="2022-03-09T14:50:54 EST" skipped="0">
  <testcase classname="com.qa.regression.adminportal.patients.tests.TC11_AdminPortal_Patients_MatchPatientWithPhysicianByProviderNPI" name="Verify_Patients_MatchPrimaryPhysician_ProviderNPI_DrugReimbursement" time="33.407"/>
  <system-out/>
  <testcase classname="com.qa.regression.adminportal.patients.tests.TC11_AdminPortal_Patients_MatchPatientWithPhysicianByProviderNPI" name="Verify_Patients_MatchSecondaryPhysician_ProviderNPI_DrugReimbursement" time="44.661"/>
  <system-out/>
</testsuite> <!-- com.qa.regression.adminportal.patients.tests.TC11_AdminPortal_Patients_MatchPatientWithPhysicianByProviderNPI -->
