<?xml version="1.0" encoding="UTF-8"?>
<!-- Generated by org.testng.reporters.JUnitReportReporter -->
<testsuite hostname="LPANDIRI-E7440" failures="0" tests="1" name="com.adminXolair.qa.providerstest.tests.TC10_AdminPortal_PG_GP_NavigateToPatientInfoTabFromGPTest" time="96.791" errors="0" timestamp="2022-03-09T14:50:55 EST" skipped="0">
  <testcase classname="com.adminXolair.qa.providerstest.tests.TC10_AdminPortal_PG_GP_NavigateToPatientInfoTabFromGPTest" name="VerifyPatientsTabContentInGP_DrugReimbursement" time="96.791"/>
  <system-out/>
</testsuite> <!-- com.adminXolair.qa.providerstest.tests.TC10_AdminPortal_PG_GP_NavigateToPatientInfoTabFromGPTest -->
