<?xml version="1.0" encoding="UTF-8"?>
<!-- Generated by org.testng.reporters.JUnitReportReporter -->
<testsuite hostname="LPANDIRI-E7440" failures="0" tests="2" name="com.qa.regression.adminportal.patients.tests.TC12_AdminPortal_Patients_MatchPatientWithPhysicianByGPName" time="76.136" errors="0" timestamp="2022-03-09T14:50:54 EST" skipped="0">
  <testcase classname="com.qa.regression.adminportal.patients.tests.TC12_AdminPortal_Patients_MatchPatientWithPhysicianByGPName" name="Verify_Patients_MatchPrimaryPhysician_GPName_DrugReimbursement" time="36.622"/>
  <system-out/>
  <testcase classname="com.qa.regression.adminportal.patients.tests.TC12_AdminPortal_Patients_MatchPatientWithPhysicianByGPName" name="Verify_Patients_MatchSecondaryPhysician_GPName_DrugReimbursement" time="39.514"/>
  <system-out/>
</testsuite> <!-- com.qa.regression.adminportal.patients.tests.TC12_AdminPortal_Patients_MatchPatientWithPhysicianByGPName -->
