<?xml version="1.0" encoding="UTF-8"?>
<!-- Generated by org.testng.reporters.JUnitReportReporter -->
<testsuite hostname="LPANDIRI-E7440" failures="0" tests="3" name="com.Replatform.qa.Fax.test.TC14_AdminPortal_Faxes_AssignmentRules_UpdateAssignmentRuleTest" time="79.312" errors="0" timestamp="2022-03-09T14:50:54 EST" skipped="0">
  <testcase classname="com.Replatform.qa.Fax.test.TC14_AdminPortal_Faxes_AssignmentRules_UpdateAssignmentRuleTest" name="Verify_AssignmentRules_UpdateAssignmentRule_OustisdeHoursN" time="26.227"/>
  <system-out/>
  <testcase classname="com.Replatform.qa.Fax.test.TC14_AdminPortal_Faxes_AssignmentRules_UpdateAssignmentRuleTest" name="Verify_AssignmentRules_UpdateAssignmentRule_OutsideHoursYToOutsideHoursN" time="25.705"/>
  <system-out/>
  <testcase classname="com.Replatform.qa.Fax.test.TC14_AdminPortal_Faxes_AssignmentRules_UpdateAssignmentRuleTest" name="Verify_AssignmentRules_UpdateAssignmentRule_OustisdeHoursYToOutsideHoursN" time="27.380"/>
  <system-out/>
</testsuite> <!-- com.Replatform.qa.Fax.test.TC14_AdminPortal_Faxes_AssignmentRules_UpdateAssignmentRuleTest -->
