<?xml version="1.0" encoding="UTF-8"?>
<!-- Generated by org.testng.reporters.JUnitReportReporter -->
<testsuite hostname="LPANDIRI-E7440" failures="0" tests="1" name="com.qa.e2e.TreatmentWithMaxAccum.tests.TC02_HCPPortal_MaxAccum_UploadDocument" time="86.961" errors="0" timestamp="2022-02-03T22:12:18 EST" skipped="0">
  <testcase classname="com.qa.e2e.TreatmentWithMaxAccum.tests.TC02_HCPPortal_MaxAccum_UploadDocument" name="HCPUpload" time="86.961"/>
  <system-out/>
</testsuite> <!-- com.qa.e2e.TreatmentWithMaxAccum.tests.TC02_HCPPortal_MaxAccum_UploadDocument -->
