<?xml version="1.0" encoding="UTF-8"?>
<!-- Generated by org.testng.reporters.JUnitReportReporter -->
<testsuite hostname="LPANDIRI-E7440" failures="0" tests="2" name="com.adminXolair.qa.providerstest.tests.TC01_AdminPortal_PG_GP_VerifyRequiredFieldsInGPNewPage" time="57.414" errors="0" timestamp="2022-03-09T14:50:54 EST" skipped="0">
  <testcase classname="com.adminXolair.qa.providerstest.tests.TC01_AdminPortal_PG_GP_VerifyRequiredFieldsInGPNewPage" name="VerifyRequiredFieldsInNewGroupPracticePage" time="27.173"/>
  <system-out/>
  <testcase classname="com.adminXolair.qa.providerstest.tests.TC01_AdminPortal_PG_GP_VerifyRequiredFieldsInGPNewPage" name="VerifyMaxCharLimitForRequiredFieldsInGroupPracticeNewPage" time="30.241"/>
  <system-out/>
</testsuite> <!-- com.adminXolair.qa.providerstest.tests.TC01_AdminPortal_PG_GP_VerifyRequiredFieldsInGPNewPage -->
