<?xml version="1.0" encoding="UTF-8"?>
<!-- Generated by org.testng.reporters.JUnitReportReporter -->
<testsuite hostname="LPANDIRI-E7440" failures="0" tests="1" name="com.Replatform.qa.Fax.test.TC03_AdminPortal_AdminCloneFaxWithCard" time="50.925" errors="0" timestamp="2022-03-09T14:50:55 EST" skipped="0">
  <testcase classname="com.Replatform.qa.Fax.test.TC03_AdminPortal_AdminCloneFaxWithCard" name="SearchFax" time="50.925"/>
  <system-out/>
</testsuite> <!-- com.Replatform.qa.Fax.test.TC03_AdminPortal_AdminCloneFaxWithCard -->
