<?xml version="1.0" encoding="UTF-8"?>
<!-- Generated by org.testng.reporters.JUnitReportReporter -->
<testsuite hostname="LPANDIRI-E7440" failures="0" tests="2" name="com.adminXolair.qa.providerstest.tests.TC22_AdminPortal_PG_BO_VerifyAbilityToAddNotesToBOTest" time="111.178" errors="0" timestamp="2022-03-09T14:50:54 EST" skipped="0">
  <testcase classname="com.adminXolair.qa.providerstest.tests.TC22_AdminPortal_PG_BO_VerifyAbilityToAddNotesToBOTest" name="VerifyAbilityToAddNotesInBO" time="62.494"/>
  <system-out/>
  <testcase classname="com.adminXolair.qa.providerstest.tests.TC22_AdminPortal_PG_BO_VerifyAbilityToAddNotesToBOTest" name="VerifyFieldRequiredMsgForNotesInBO" time="48.684"/>
  <system-out/>
</testsuite> <!-- com.adminXolair.qa.providerstest.tests.TC22_AdminPortal_PG_BO_VerifyAbilityToAddNotesToBOTest -->
