<?xml version="1.0" encoding="UTF-8"?>
<!-- Generated by org.testng.reporters.JUnitReportReporter -->
<testsuite hostname="LPANDIRI-E7440" failures="0" tests="1" name="com.adminXolair.qa.providerstest.tests.TC11_AdminPortal_PG_GP_VerifyAbilityToAddNotesToGPTest" time="39.925" errors="0" timestamp="2022-03-10T11:50:13 EST" skipped="0">
  <testcase classname="com.adminXolair.qa.providerstest.tests.TC11_AdminPortal_PG_GP_VerifyAbilityToAddNotesToGPTest" name="VerifyFieldRequiredMsgForNotesInGP" time="39.925"/>
  <system-out/>
</testsuite> <!-- com.adminXolair.qa.providerstest.tests.TC11_AdminPortal_PG_GP_VerifyAbilityToAddNotesToGPTest -->
