<?xml version="1.0" encoding="UTF-8"?>
<!-- Generated by org.testng.reporters.JUnitReportReporter -->
<testsuite hostname="LPANDIRI-E7440" failures="0" tests="1" name="com.adminXolair.qa.providerstest.tests.TC27_AdminPortal_PG_GP_VerifyZipCodeUpdates" time="98.774" errors="0" timestamp="2022-03-09T14:50:54 EST" skipped="0">
  <testcase classname="com.adminXolair.qa.providerstest.tests.TC27_AdminPortal_PG_GP_VerifyZipCodeUpdates" name="verifyUpdatesToZipCodeInGPAndCardInfoTab" time="98.774"/>
  <system-out/>
</testsuite> <!-- com.adminXolair.qa.providerstest.tests.TC27_AdminPortal_PG_GP_VerifyZipCodeUpdates -->
