<?xml version="1.0" encoding="UTF-8"?>
<!-- Generated by org.testng.reporters.JUnitReportReporter -->
<testsuite hostname="LPANDIRI-E7440" failures="0" tests="1" name="com.adminXolair.qa.providerstest.tests.TC15_AdminPortal_PG_BO_VerifyRequiredFieldsInBONewPage" time="40.768" errors="0" timestamp="2022-03-09T14:50:54 EST" skipped="0">
  <testcase classname="com.adminXolair.qa.providerstest.tests.TC15_AdminPortal_PG_BO_VerifyRequiredFieldsInBONewPage" name="VerifyRequiredFieldsInNewBillingOfficePage" time="40.768"/>
  <system-out/>
</testsuite> <!-- com.adminXolair.qa.providerstest.tests.TC15_AdminPortal_PG_BO_VerifyRequiredFieldsInBONewPage -->
