<?xml version="1.0" encoding="UTF-8"?>
<!-- Generated by org.testng.reporters.JUnitReportReporter -->
<testsuite hostname="LPANDIRI-E7440" failures="0" tests="1" name="com.Xolairadmin.qa.SmokeScript.TC04_XolairAdminPortal_VerifyEnrollPatientField" time="23.237" errors="0" timestamp="2022-02-03T22:12:19 EST" skipped="0">
  <testcase classname="com.Xolairadmin.qa.SmokeScript.TC04_XolairAdminPortal_VerifyEnrollPatientField" name="EnrollPatient_AdminPortal" time="23.237"/>
  <system-out/>
</testsuite> <!-- com.Xolairadmin.qa.SmokeScript.TC04_XolairAdminPortal_VerifyEnrollPatientField -->
