<?xml version="1.0" encoding="UTF-8"?>
<!-- Generated by org.testng.reporters.JUnitReportReporter -->
<testsuite hostname="LPANDIRI-E7440" failures="0" tests="1" name="com.adminXolair.qa.providerstest.tests.TC45_AdminPortal_PG_BO_VerifyZipCodeUpdates" time="127.672" errors="0" timestamp="2022-01-21T14:37:25 EST" skipped="0">
  <testcase classname="com.adminXolair.qa.providerstest.tests.TC45_AdminPortal_PG_BO_VerifyZipCodeUpdates" name="verifyUpdatesToZipCodeInBOAndCardInfoTab" time="127.672"/>
  <system-out/>
</testsuite> <!-- com.adminXolair.qa.providerstest.tests.TC45_AdminPortal_PG_BO_VerifyZipCodeUpdates -->
