<?xml version="1.0" encoding="UTF-8"?>
<!-- Generated by org.testng.reporters.JUnitReportReporter -->
<testsuite hostname="LPANDIRI-E7440" failures="0" tests="1" name="com.Replatform.qa.Fax.test.TC06_AdminPortal_Faxes_ListAll_FindPageTest" time="83.403" errors="0" timestamp="2022-03-09T14:50:55 EST" skipped="0">
  <testcase classname="com.Replatform.qa.Fax.test.TC06_AdminPortal_Faxes_ListAll_FindPageTest" name="Verify_Outgoing_FindPageContent" time="83.403"/>
  <system-out/>
</testsuite> <!-- com.Replatform.qa.Fax.test.TC06_AdminPortal_Faxes_ListAll_FindPageTest -->
