<?xml version="1.0" encoding="UTF-8"?>
<!-- Generated by org.testng.reporters.JUnitReportReporter -->
<testsuite hostname="LPANDIRI-E7440" failures="0" tests="2" name="com.qa.regression.adminportal.patients.tests.TC07_AdminPortal_Patients_VerifyDropdownValuesInNotesTabTest" time="198.856" errors="0" timestamp="2022-03-09T14:50:54 EST" skipped="0">
  <testcase classname="com.qa.regression.adminportal.patients.tests.TC07_AdminPortal_Patients_VerifyDropdownValuesInNotesTabTest" name="VerifyReasonDropdownValuesInHDNotesForPatient" time="105.393"/>
  <system-out/>
  <testcase classname="com.qa.regression.adminportal.patients.tests.TC07_AdminPortal_Patients_VerifyDropdownValuesInNotesTabTest" name="VerifyCallerDropdownValuesInHDNotesForPatient" time="93.463"/>
  <system-out/>
</testsuite> <!-- com.qa.regression.adminportal.patients.tests.TC07_AdminPortal_Patients_VerifyDropdownValuesInNotesTabTest -->
