<?xml version="1.0" encoding="UTF-8"?>
<!-- Generated by org.testng.reporters.JUnitReportReporter -->
<testsuite hostname="LPANDIRI-E7440" failures="0" tests="1" name="com.adminXolair.qa.providerstest.tests.TC23_AdminPortal_PG_BO_VerifyAbilityToUpdateNotesInBOTest" time="84.369" errors="0" timestamp="2022-03-09T14:50:54 EST" skipped="0">
  <testcase classname="com.adminXolair.qa.providerstest.tests.TC23_AdminPortal_PG_BO_VerifyAbilityToUpdateNotesInBOTest" name="VerifyUpdatingNotesToBO" time="84.369"/>
  <system-out/>
</testsuite> <!-- com.adminXolair.qa.providerstest.tests.TC23_AdminPortal_PG_BO_VerifyAbilityToUpdateNotesInBOTest -->
