<?xml version="1.0" encoding="UTF-8"?>
<!-- Generated by org.testng.reporters.JUnitReportReporter -->
<testsuite hostname="LPANDIRI-E7440" failures="0" tests="1" name="com.XolairHCPPortal.qa.SmokeScript.TC06_HCPPortal_VerifyPatientSearchPage" time="107.737" errors="0" timestamp="2022-02-03T22:12:18 EST" skipped="0">
  <testcase classname="com.XolairHCPPortal.qa.SmokeScript.TC06_HCPPortal_VerifyPatientSearchPage" name="HubLogin" time="107.737"/>
  <system-out/>
</testsuite> <!-- com.XolairHCPPortal.qa.SmokeScript.TC06_HCPPortal_VerifyPatientSearchPage -->
