<?xml version="1.0" encoding="UTF-8"?>
<!-- Generated by org.testng.reporters.JUnitReportReporter -->
<testsuite hostname="LPANDIRI-E7440" failures="0" tests="1" name="com.XolairPatientPortal.qa.SmokeScript.TC04_PatientPortal_VerifyUserLandingPageLoggedIn" time="81.823" errors="0" timestamp="2022-02-03T22:12:19 EST" skipped="0">
  <testcase classname="com.XolairPatientPortal.qa.SmokeScript.TC04_PatientPortal_VerifyUserLandingPageLoggedIn" name="ProgramUsing" time="81.823"/>
  <system-out/>
</testsuite> <!-- com.XolairPatientPortal.qa.SmokeScript.TC04_PatientPortal_VerifyUserLandingPageLoggedIn -->
