<?xml version="1.0" encoding="UTF-8"?>
<!-- Generated by org.testng.reporters.JUnitReportReporter -->
<testsuite hostname="LPANDIRI-E7440" failures="0" tests="2" name="com.qa.regression.adminportal.patients.tests.TC23_AdminPortal_Patients_VerifyDOSAndEOBDatePickersFutureDatesDisabledTest" time="268.724" errors="0" timestamp="2022-03-09T14:50:55 EST" skipped="0">
  <testcase classname="com.qa.regression.adminportal.patients.tests.TC23_AdminPortal_Patients_VerifyDOSAndEOBDatePickersFutureDatesDisabledTest" name="VerifyFutureDatesDisabledForDOSDateTreatmentsTab" time="155.489"/>
  <system-out/>
  <testcase classname="com.qa.regression.adminportal.patients.tests.TC23_AdminPortal_Patients_VerifyDOSAndEOBDatePickersFutureDatesDisabledTest" name="VerifyFutureDatesDisabledForEOBDateTreatmentsTab" time="113.235"/>
  <system-out/>
</testsuite> <!-- com.qa.regression.adminportal.patients.tests.TC23_AdminPortal_Patients_VerifyDOSAndEOBDatePickersFutureDatesDisabledTest -->
