<?xml version="1.0" encoding="UTF-8"?>
<!-- Generated by org.testng.reporters.JUnitReportReporter -->
<testsuite hostname="LPANDIRI-E7440" failures="0" tests="1" name="com.qa.e2e.GKRejectClaimDuplicateClaimReprocessWithGKByPass.tests.TC07_GKRejectScenarios_Treatment" time="156.689" errors="0" timestamp="2022-02-03T22:12:19 EST" skipped="0">
  <testcase classname="com.qa.e2e.GKRejectClaimDuplicateClaimReprocessWithGKByPass.tests.TC07_GKRejectScenarios_Treatment" name="AddIncomingFaxAndTreatment" time="156.689"/>
  <system-out/>
</testsuite> <!-- com.qa.e2e.GKRejectClaimDuplicateClaimReprocessWithGKByPass.tests.TC07_GKRejectScenarios_Treatment -->
