<?xml version="1.0" encoding="UTF-8"?>
<!-- Generated by org.testng.reporters.JUnitReportReporter -->
<testsuite hostname="LPANDIRI-E7440" failures="0" tests="1" name="com.adminXolair.qa.providerstest.tests.TC18_AdminPortal_PG_BO_VerifyMandatoryFieldsInProvidersTabTest" time="57.217" errors="0" timestamp="2022-03-09T14:50:55 EST" skipped="0">
  <testcase classname="com.adminXolair.qa.providerstest.tests.TC18_AdminPortal_PG_BO_VerifyMandatoryFieldsInProvidersTabTest" name="Verify_PG_GP_ProvidersTab_RequiredFieldsMsg" time="57.217"/>
  <system-out/>
</testsuite> <!-- com.adminXolair.qa.providerstest.tests.TC18_AdminPortal_PG_BO_VerifyMandatoryFieldsInProvidersTabTest -->
