<?xml version="1.0" encoding="UTF-8"?>
<!-- Generated by org.testng.reporters.JUnitReportReporter -->
<testsuite hostname="LPANDIRI-E7440" failures="0" tests="3" name="com.adminXolair.qa.providerstest.tests.TC19_AdminPortal_PG_BO_VerifyAbilityToAddPhysicianInBOAndUngroupBOInPhysicianProvidersTabTest" time="377.650" errors="0" timestamp="2022-03-09T14:50:54 EST" skipped="0">
  <testcase classname="com.adminXolair.qa.providerstest.tests.TC19_AdminPortal_PG_BO_VerifyAbilityToAddPhysicianInBOAndUngroupBOInPhysicianProvidersTabTest" name="Verify_PG_BO_ProvidersTab_AddAndUngroupProviderByProviderName" time="112.875"/>
  <system-out/>
  <testcase classname="com.adminXolair.qa.providerstest.tests.TC19_AdminPortal_PG_BO_VerifyAbilityToAddPhysicianInBOAndUngroupBOInPhysicianProvidersTabTest" name="Verify_PG_BO_ProvidersTab_AddAndUngroupProviderByProviderLastName" time="142.104"/>
  <system-out/>
  <testcase classname="com.adminXolair.qa.providerstest.tests.TC19_AdminPortal_PG_BO_VerifyAbilityToAddPhysicianInBOAndUngroupBOInPhysicianProvidersTabTest" name="Verify_PG_BO_ProvidersTab_AddAndUngroupProviderByProviderNPI" time="122.671"/>
  <system-out/>
</testsuite> <!-- com.adminXolair.qa.providerstest.tests.TC19_AdminPortal_PG_BO_VerifyAbilityToAddPhysicianInBOAndUngroupBOInPhysicianProvidersTabTest -->
