<?xml version="1.0" encoding="UTF-8"?>
<!-- Generated by org.testng.reporters.JUnitReportReporter -->
<testsuite hostname="LPANDIRI-E7440" failures="0" tests="1" name="com.qa.regression.adminportal.patients.tests.ExternalPortal_Enrollment" time="83.860" errors="0" timestamp="2022-01-21T14:37:25 EST" skipped="0">
  <testcase classname="com.qa.regression.adminportal.patients.tests.ExternalPortal_Enrollment" name="HubLogin" time="83.860"/>
  <system-out/>
</testsuite> <!-- com.qa.regression.adminportal.patients.tests.ExternalPortal_Enrollment -->
