<?xml version="1.0" encoding="UTF-8"?>
<!-- Generated by org.testng.reporters.JUnitReportReporter -->
<testsuite hostname="LPANDIRI-E7440" failures="0" tests="2" name="com.qa.regression.adminportal.patients.tests.TC09_AdminPortal_Patients_MatchPatientWithPhysicianByProviderName" time="116.224" errors="0" timestamp="2022-03-09T14:50:54 EST" skipped="0">
  <testcase classname="com.qa.regression.adminportal.patients.tests.TC09_AdminPortal_Patients_MatchPatientWithPhysicianByProviderName" name="Verify_Patients_MatchSecondaryPhysician_ProviderName_DrugReimbursement" time="71.384"/>
  <system-out/>
  <testcase classname="com.qa.regression.adminportal.patients.tests.TC09_AdminPortal_Patients_MatchPatientWithPhysicianByProviderName" name="Verify_Patients_MatchPrimaryPhysician_ProviderName_DrugReimbursement" time="44.840"/>
  <system-out/>
</testsuite> <!-- com.qa.regression.adminportal.patients.tests.TC09_AdminPortal_Patients_MatchPatientWithPhysicianByProviderName -->
