<?xml version="1.0" encoding="UTF-8"?>
<!-- Generated by org.testng.reporters.JUnitReportReporter -->
<testsuite hostname="LPANDIRI-E7440" failures="0" tests="1" name="com.adminXolair.qa.providerstest.tests.TC06_AdminPortal_PG_GP_VerifyProvidersTabInGPAndCardInfoPageTest" time="43.367" errors="0" timestamp="2022-03-09T14:50:55 EST" skipped="0">
  <testcase classname="com.adminXolair.qa.providerstest.tests.TC06_AdminPortal_PG_GP_VerifyProvidersTabInGPAndCardInfoPageTest" name="Verify_PG_GP_ProvidersTab" time="43.367"/>
  <system-out/>
</testsuite> <!-- com.adminXolair.qa.providerstest.tests.TC06_AdminPortal_PG_GP_VerifyProvidersTabInGPAndCardInfoPageTest -->
