<?xml version="1.0" encoding="UTF-8"?>
<!-- Generated by org.testng.reporters.JUnitReportReporter -->
<testsuite hostname="LPANDIRI-E7440" failures="0" tests="1" name="com.qa.regression.adminportal.patients.tests.TC05_AdminPortal_Patients_VerifyAbilityToAddHelpDeskNotes" time="184.889" errors="0" timestamp="2022-03-09T14:50:54 EST" skipped="0">
  <testcase classname="com.qa.regression.adminportal.patients.tests.TC05_AdminPortal_Patients_VerifyAbilityToAddHelpDeskNotes" name="VerifyAddingHelpDeskNotes_DrugReimbursement" time="184.889"/>
  <system-out/>
</testsuite> <!-- com.qa.regression.adminportal.patients.tests.TC05_AdminPortal_Patients_VerifyAbilityToAddHelpDeskNotes -->
