<?xml version="1.0" encoding="UTF-8"?>
<!-- Generated by org.testng.reporters.JUnitReportReporter -->
<testsuite hostname="LPANDIRI-E7440" failures="0" tests="1" name="com.XolairPatientPortal.qa.SmokeScript.TC01_PatientPortal_VerifyPatientPopUpFunctionality" time="81.427" errors="0" timestamp="2022-02-03T22:12:20 EST" skipped="0">
  <testcase classname="com.XolairPatientPortal.qa.SmokeScript.TC01_PatientPortal_VerifyPatientPopUpFunctionality" name="HubLogin" time="81.427"/>
  <system-out/>
</testsuite> <!-- com.XolairPatientPortal.qa.SmokeScript.TC01_PatientPortal_VerifyPatientPopUpFunctionality -->
