<?xml version="1.0" encoding="UTF-8"?>
<!-- Generated by org.testng.reporters.JUnitReportReporter -->
<testsuite hostname="LPANDIRI-E7440" failures="0" tests="1" name="com.adminXolair.qa.providerstest.tests.TC35_AdminPortal_PG_BO_VerifyAbilityToAddAndUngroupPhysicianInBOTest" time="110.412" errors="0" timestamp="2022-01-21T14:37:26 EST" skipped="0">
  <testcase classname="com.adminXolair.qa.providerstest.tests.TC35_AdminPortal_PG_BO_VerifyAbilityToAddAndUngroupPhysicianInBOTest" name="Verify_Providers_ParentProvidersTab_AddAndUngroupProvider" time="110.412"/>
  <system-out/>
</testsuite> <!-- com.adminXolair.qa.providerstest.tests.TC35_AdminPortal_PG_BO_VerifyAbilityToAddAndUngroupPhysicianInBOTest -->
