<?xml version="1.0" encoding="UTF-8"?>
<!-- Generated by org.testng.reporters.JUnitReportReporter -->
<testsuite hostname="LPANDIRI-E7440" failures="0" tests="2" name="com.qa.regression.adminportal.patients.tests.TC16_AdminPortal_Patients_MatchPatientWithPhysicianByBOLastName" time="65.857" errors="0" timestamp="2022-03-09T14:50:54 EST" skipped="0">
  <testcase classname="com.qa.regression.adminportal.patients.tests.TC16_AdminPortal_Patients_MatchPatientWithPhysicianByBOLastName" name="Verify_Patients_MatchPrimaryPhysician_BOLastName_DrugReimbursement" time="32.877"/>
  <system-out/>
  <testcase classname="com.qa.regression.adminportal.patients.tests.TC16_AdminPortal_Patients_MatchPatientWithPhysicianByBOLastName" name="Verify_Patients_MatchSecondaryPhysician_BOLastName_DrugReimbursement" time="32.980"/>
  <system-out/>
</testsuite> <!-- com.qa.regression.adminportal.patients.tests.TC16_AdminPortal_Patients_MatchPatientWithPhysicianByBOLastName -->
