<?xml version="1.0" encoding="UTF-8"?>
<!-- Generated by org.testng.reporters.JUnitReportReporter -->
<testsuite hostname="LPANDIRI-E7440" failures="0" tests="2" name="com.qa.e2e.TwoDrugEnrollmentLucentisSusvimo.test.TC01_TwoDrugEnrollment_LucentisEnrollment" time="219.925" errors="0" timestamp="2022-02-03T22:12:19 EST" skipped="0">
  <testcase classname="com.qa.e2e.TwoDrugEnrollmentLucentisSusvimo.test.TC01_TwoDrugEnrollment_LucentisEnrollment" name="SusvimoLogin" time="114.050"/>
  <system-out/>
  <testcase classname="com.qa.e2e.TwoDrugEnrollmentLucentisSusvimo.test.TC01_TwoDrugEnrollment_LucentisEnrollment" name="HubLogin" time="105.875"/>
  <system-out/>
</testsuite> <!-- com.qa.e2e.TwoDrugEnrollmentLucentisSusvimo.test.TC01_TwoDrugEnrollment_LucentisEnrollment -->
