<?xml version="1.0" encoding="UTF-8"?>
<!-- Generated by org.testng.reporters.JUnitReportReporter -->
<testsuite hostname="LPANDIRI-E7440" failures="0" tests="1" name="com.Xolairadmin.qa.SmokeScript.TC06_AdminPortal_Providers" time="24.153" errors="0" timestamp="2022-02-03T22:12:18 EST" skipped="0">
  <testcase classname="com.Xolairadmin.qa.SmokeScript.TC06_AdminPortal_Providers" name="SearchProvider" time="24.153"/>
  <system-out/>
</testsuite> <!-- com.Xolairadmin.qa.SmokeScript.TC06_AdminPortal_Providers -->
