<?xml version="1.0" encoding="UTF-8"?>
<!-- Generated by org.testng.reporters.JUnitReportReporter -->
<testsuite hostname="LPANDIRI-E7440" failures="0" tests="1" name="com.qa.regression.adminportal.patients.tests.TC34_AdminPortal_TreatmentsTab_VerifyAbilityToResetGPSearch" time="65.298" errors="0" timestamp="2022-03-09T14:50:54 EST" skipped="0">
  <testcase classname="com.qa.regression.adminportal.patients.tests.TC34_AdminPortal_TreatmentsTab_VerifyAbilityToResetGPSearch" name="VerifyGPResetSearchInTreatmentsTabForPatient_DrugReimbursement" time="65.298"/>
  <system-out/>
</testsuite> <!-- com.qa.regression.adminportal.patients.tests.TC34_AdminPortal_TreatmentsTab_VerifyAbilityToResetGPSearch -->
