<?xml version="1.0" encoding="UTF-8"?>
<!-- Generated by org.testng.reporters.JUnitReportReporter -->
<testsuite hostname="LPANDIRI-E7440" failures="0" tests="1" name="com.adminXolair.qa.providerstest.tests.copy.TC45_AdminPortal_PG_BO_VerifyZipCodeUpdates" time="96.802" errors="0" timestamp="2022-01-14T20:18:34 EST" skipped="0">
  <testcase classname="com.adminXolair.qa.providerstest.tests.copy.TC45_AdminPortal_PG_BO_VerifyZipCodeUpdates" name="verifyUpdatesToZipCodeInBOAndCardInfoTab" time="96.802"/>
  <system-out/>
</testsuite> <!-- com.adminXolair.qa.providerstest.tests.copy.TC45_AdminPortal_PG_BO_VerifyZipCodeUpdates -->
