<?xml version="1.0" encoding="UTF-8"?>
<!-- Generated by org.testng.reporters.JUnitReportReporter -->
<testsuite hostname="LPANDIRI-E7440" failures="0" tests="1" name="com.Replatform.qa.Fax.test.TC07_AdminPortal_Faxes_Outgoing_FindPageTest" time="85.940" errors="0" timestamp="2022-03-09T14:50:54 EST" skipped="0">
  <testcase classname="com.Replatform.qa.Fax.test.TC07_AdminPortal_Faxes_Outgoing_FindPageTest" name="Verify_Outgoing_FindPageContent" time="85.940"/>
  <system-out/>
</testsuite> <!-- com.Replatform.qa.Fax.test.TC07_AdminPortal_Faxes_Outgoing_FindPageTest -->
