<?xml version="1.0" encoding="UTF-8"?>
<!-- Generated by org.testng.reporters.JUnitReportReporter -->
<testsuite hostname="LPANDIRI-E7440" failures="0" tests="2" name="com.qa.regression.adminportal.patients.tests.TC26_AdminPortal_TreatmentsTab_VerifyRejectReasonDropdownValues" time="170.317" errors="0" timestamp="2022-03-09T14:50:54 EST" skipped="1">
  <testcase classname="com.qa.regression.adminportal.patients.tests.TC26_AdminPortal_TreatmentsTab_VerifyRejectReasonDropdownValues" name="VerifyRejectReasonDropdownValuesInTreatmentsTabForPatient" time="170.317"/>
  <system-out/>
  <testcase classname="com.qa.regression.adminportal.patients.tests.TC26_AdminPortal_TreatmentsTab_VerifyRejectReasonDropdownValues" name="VerifyRejectReasonDropdownValuesInTreatmentsTabForPatient_BothTypeEnrollment">
    <skipped/>
  </testcase> <!-- VerifyRejectReasonDropdownValuesInTreatmentsTabForPatient_BothTypeEnrollment -->
  <system-out/>
</testsuite> <!-- com.qa.regression.adminportal.patients.tests.TC26_AdminPortal_TreatmentsTab_VerifyRejectReasonDropdownValues -->
