<?xml version="1.0" encoding="UTF-8"?>
<!-- Generated by org.testng.reporters.JUnitReportReporter -->
<testsuite hostname="LPANDIRI-E7440" failures="0" tests="1" name="com.Xolairadmin.qa.SmokeScript.TC07_AdminPortal_Payments" time="67.462" errors="0" timestamp="2022-02-03T22:12:19 EST" skipped="0">
  <testcase classname="com.Xolairadmin.qa.SmokeScript.TC07_AdminPortal_Payments" name="Payments" time="67.462"/>
  <system-out/>
</testsuite> <!-- com.Xolairadmin.qa.SmokeScript.TC07_AdminPortal_Payments -->
