<?xml version="1.0" encoding="UTF-8"?>
<!-- Generated by org.testng.reporters.JUnitReportReporter -->
<testsuite hostname="LPANDIRI-E7440" failures="0" tests="2" name="com.qa.regression.adminportal.patients.tests.TC36_AdminPortal_TreatmentsTab_VerifyGPSearchAutosuggest" time="113.397" errors="0" timestamp="2022-03-09T14:50:55 EST" skipped="0">
  <testcase classname="com.qa.regression.adminportal.patients.tests.TC36_AdminPortal_TreatmentsTab_VerifyGPSearchAutosuggest" name="VerifyGPNameSearchInTreatmentsTabForPatient" time="57.397"/>
  <system-out/>
  <testcase classname="com.qa.regression.adminportal.patients.tests.TC36_AdminPortal_TreatmentsTab_VerifyGPSearchAutosuggest" name="VerifyBONPISearchInTreatmentsTabForPatient" time="56.000"/>
  <system-out/>
</testsuite> <!-- com.qa.regression.adminportal.patients.tests.TC36_AdminPortal_TreatmentsTab_VerifyGPSearchAutosuggest -->
