<?xml version="1.0" encoding="UTF-8"?>
<!-- Generated by org.testng.reporters.JUnitReportReporter -->
<testsuite hostname="LPANDIRI-E7440" failures="0" tests="2" name="com.qa.regression.adminportal.patients.tests.TC14_AdminPortal_Patients_MatchPatientWithPhysicianByGPNPI" time="65.162" errors="0" timestamp="2022-03-09T14:50:54 EST" skipped="0">
  <testcase classname="com.qa.regression.adminportal.patients.tests.TC14_AdminPortal_Patients_MatchPatientWithPhysicianByGPNPI" name="Verify_Patients_MatchPrimaryPhysician_GPNPI_DrugReimbursement" time="35.964"/>
  <system-out/>
  <testcase classname="com.qa.regression.adminportal.patients.tests.TC14_AdminPortal_Patients_MatchPatientWithPhysicianByGPNPI" name="Verify_Patients_MatchSecondaryPhysician_GPNPI_DrugReimbursement" time="29.198"/>
  <system-out/>
</testsuite> <!-- com.qa.regression.adminportal.patients.tests.TC14_AdminPortal_Patients_MatchPatientWithPhysicianByGPNPI -->
