<?xml version="1.0" encoding="UTF-8"?>
<!-- Generated by org.testng.reporters.JUnitReportReporter -->
<testsuite hostname="LPANDIRI-E7440" failures="0" tests="2" name="com.qa.regression.adminportal.patients.tests.TC20_AdminPortal_Patients_VerifyReadOnlyFieldsInTreatmentsTab" time="156.687" errors="0" timestamp="2022-03-09T14:50:54 EST" skipped="0">
  <testcase classname="com.qa.regression.adminportal.patients.tests.TC20_AdminPortal_Patients_VerifyReadOnlyFieldsInTreatmentsTab" name="VerifyRejectReasonDropdownEnableDisableFeature_DrugReimbursement" time="60.038"/>
  <system-out/>
  <testcase classname="com.qa.regression.adminportal.patients.tests.TC20_AdminPortal_Patients_VerifyReadOnlyFieldsInTreatmentsTab" name="VerifyReadOnlyFieldsInTreatmentsTab_DrugReimbursement" time="96.649"/>
  <system-out/>
</testsuite> <!-- com.qa.regression.adminportal.patients.tests.TC20_AdminPortal_Patients_VerifyReadOnlyFieldsInTreatmentsTab -->
