<?xml version="1.0" encoding="UTF-8"?>
<!-- Generated by org.testng.reporters.JUnitReportReporter -->
<testsuite hostname="LPANDIRI-E7440" failures="0" tests="1" name="com.Replatform.qa.Fax.test.New_TC01_HCPPortal_UploadDocument" time="87.246" errors="0" timestamp="2022-03-09T14:50:54 EST" skipped="0">
  <testcase classname="com.Replatform.qa.Fax.test.New_TC01_HCPPortal_UploadDocument" name="HCPUpload" time="87.246"/>
  <system-out/>
</testsuite> <!-- com.Replatform.qa.Fax.test.New_TC01_HCPPortal_UploadDocument -->
