<?xml version="1.0" encoding="UTF-8"?>
<!-- Generated by org.testng.reporters.JUnitReportReporter -->
<testsuite hostname="LPANDIRI-E7440" failures="0" tests="1" name="com.qa.e2e.TreatmentWithMaxAccum.tests.TC03_AdminPortal_MaxAccum_AddIncomingFaxAndTreatmentTest" time="160.569" errors="0" timestamp="2022-02-03T22:12:19 EST" skipped="0">
  <testcase classname="com.qa.e2e.TreatmentWithMaxAccum.tests.TC03_AdminPortal_MaxAccum_AddIncomingFaxAndTreatmentTest" name="AddIncomingFaxAndTreatment" time="160.569"/>
  <system-out/>
</testsuite> <!-- com.qa.e2e.TreatmentWithMaxAccum.tests.TC03_AdminPortal_MaxAccum_AddIncomingFaxAndTreatmentTest -->
