<?xml version="1.0" encoding="UTF-8"?>
<!-- Generated by org.testng.reporters.JUnitReportReporter -->
<testsuite hostname="LPANDIRI-E7440" failures="0" tests="1" name="com.qa.regression.adminportal.patients.tests.TC08_AdminPortal_Patients_VerifyFindPageContentTest" time="144.112" errors="0" timestamp="2022-03-09T14:50:54 EST" skipped="0">
  <testcase classname="com.qa.regression.adminportal.patients.tests.TC08_AdminPortal_Patients_VerifyFindPageContentTest" name="VerifyPatientsFindPageContent" time="144.112"/>
  <system-out/>
</testsuite> <!-- com.qa.regression.adminportal.patients.tests.TC08_AdminPortal_Patients_VerifyFindPageContentTest -->
