<?xml version="1.0" encoding="UTF-8"?>
<!-- Generated by org.testng.reporters.JUnitReportReporter -->
<testsuite hostname="LPANDIRI-E7440" failures="0" tests="1" name="com.qa.e2e.TreatmentCancelReject.tests.TC06_AdminPortal_TreatmentReject_AddIncomingFaxAndTreatmentTest" time="86.390" errors="0" timestamp="2022-02-03T22:12:20 EST" skipped="0">
  <testcase classname="com.qa.e2e.TreatmentCancelReject.tests.TC06_AdminPortal_TreatmentReject_AddIncomingFaxAndTreatmentTest" name="AddIncomingFaxAndTreatment" time="86.390"/>
  <system-out/>
</testsuite> <!-- com.qa.e2e.TreatmentCancelReject.tests.TC06_AdminPortal_TreatmentReject_AddIncomingFaxAndTreatmentTest -->
