<?xml version="1.0" encoding="UTF-8"?>
<!-- Generated by org.testng.reporters.JUnitReportReporter -->
<testsuite hostname="LPANDIRI-E7440" failures="0" tests="1" name="com.XolairHCPPortal.qa.SmokeScript.TC02_HCPPortal_VerifyHomePageContent" time="85.852" errors="0" timestamp="2022-02-03T22:12:19 EST" skipped="0">
  <testcase classname="com.XolairHCPPortal.qa.SmokeScript.TC02_HCPPortal_VerifyHomePageContent" name="HubLogin" time="85.852"/>
  <system-out/>
</testsuite> <!-- com.XolairHCPPortal.qa.SmokeScript.TC02_HCPPortal_VerifyHomePageContent -->
