<?xml version="1.0" encoding="UTF-8"?>
<!-- Generated by org.testng.reporters.JUnitReportReporter -->
<testsuite hostname="LPANDIRI-E7440" failures="0" tests="2" name="com.adminXolair.qa.providerstest.tests.TC26_AdminPortal_PG_BO_VerifyListPageTest" time="63.084" errors="0" timestamp="2022-03-09T14:50:54 EST" skipped="0">
  <testcase classname="com.adminXolair.qa.providerstest.tests.TC26_AdminPortal_PG_BO_VerifyListPageTest" name="CrossVerifyGPCountsBetweenAlphabetListAndFindPage" time="28.116"/>
  <system-out/>
  <testcase classname="com.adminXolair.qa.providerstest.tests.TC26_AdminPortal_PG_BO_VerifyListPageTest" name="verify_PG_Supervisors_ListPageContent" time="34.968"/>
  <system-out/>
</testsuite> <!-- com.adminXolair.qa.providerstest.tests.TC26_AdminPortal_PG_BO_VerifyListPageTest -->
