<?xml version="1.0" encoding="UTF-8"?>
<!-- Generated by org.testng.reporters.JUnitReportReporter -->
<testsuite hostname="LPANDIRI-E7440" failures="0" tests="2" name="com.qa.regression.adminportal.patients.tests.TC17_AdminPortal_Patients_MatchPatientWithPhysicianByBONPI" time="82.873" errors="0" timestamp="2022-03-09T14:50:54 EST" skipped="0">
  <testcase classname="com.qa.regression.adminportal.patients.tests.TC17_AdminPortal_Patients_MatchPatientWithPhysicianByBONPI" name="Verify_Patients_MatchPrimaryPhysician_BONPI_DrugReimbursement" time="35.519"/>
  <system-out/>
  <testcase classname="com.qa.regression.adminportal.patients.tests.TC17_AdminPortal_Patients_MatchPatientWithPhysicianByBONPI" name="Verify_Patients_MatchSecondaryPhysician_BONPI_DrugReimbursement" time="47.354"/>
  <system-out/>
</testsuite> <!-- com.qa.regression.adminportal.patients.tests.TC17_AdminPortal_Patients_MatchPatientWithPhysicianByBONPI -->
