<?xml version="1.0" encoding="UTF-8"?>
<!-- Generated by org.testng.reporters.JUnitReportReporter -->
<testsuite ignored="5" hostname="LPANDIRI-E7440" failures="0" tests="1" name="com.qa.e2e.CTMWorkflow.tests.New_TC12_CTM_EPPortal_PaymentReport" time="44.124" errors="0" timestamp="11 Jan 2022 21:39:00 GMT" skipped="0">
  <testcase classname="com.qa.e2e.CTMWorkflow.tests.New_TC12_CTM_EPPortal_PaymentReport" name="HubLogin" time="44.124"/>
  <testcase classname="com.qa.regression.adminportal.patients.tests.TC32_AdminPortal_TreatmentsTab_VerifyAddTreatmentWithBODropdownSelection" name="VerifyAddingTreatmentWithBODropdownSelectionInTreatmentsTab_DrugReimbursement_ACH">
    <skipped/>
  </testcase> <!-- VerifyAddingTreatmentWithBODropdownSelectionInTreatmentsTab_DrugReimbursement_ACH -->
  <testcase classname="com.adminXolair.qa.providerstest.tests.TC02_AdminPortal_PG_GP_VerifyAbilityToCreateNewGP" name="VerifyGPCreateRecord">
    <skipped/>
  </testcase> <!-- VerifyGPCreateRecord -->
  <testcase classname="com.adminXolair.qa.providerstest.tests.TC14_AdminPortal_PG_BO_VerifyAbilityToCreateNewBO" name="VerifyBOCreateRecord">
    <skipped/>
  </testcase> <!-- VerifyBOCreateRecord -->
  <testcase classname="com.qa.regression.adminportal.patients.tests.TC27_AdminPortal_TreatmentsTab_VerifyPatientPaysFieldDefaultValueTest" name="VerifyPatientPaysDefaultValueInTreatmentsTabForPatient_BothTypeEnrollment">
    <skipped/>
  </testcase> <!-- VerifyPatientPaysDefaultValueInTreatmentsTabForPatient_BothTypeEnrollment -->
  <testcase classname="com.qa.regression.adminportal.patients.tests.TC26_AdminPortal_TreatmentsTab_VerifyRejectReasonDropdownValues" name="VerifyRejectReasonDropdownValuesInTreatmentsTabForPatient_BothTypeEnrollment">
    <skipped/>
  </testcase> <!-- VerifyRejectReasonDropdownValuesInTreatmentsTabForPatient_BothTypeEnrollment -->
</testsuite> <!-- com.qa.e2e.CTMWorkflow.tests.New_TC12_CTM_EPPortal_PaymentReport -->
