<?xml version="1.0" encoding="UTF-8"?>
<!-- Generated by org.testng.reporters.JUnitReportReporter -->
<testsuite hostname="LPANDIRI-E7440" failures="0" tests="1" name="com.qa.e2e.DeactivationLetterScenario.tests.TC02_AdminPortal_DeactivationLetterScenario_ChangeStatus" time="82.041" errors="0" timestamp="2022-02-03T22:12:19 EST" skipped="0">
  <testcase classname="com.qa.e2e.DeactivationLetterScenario.tests.TC02_AdminPortal_DeactivationLetterScenario_ChangeStatus" name="SearchPatient" time="82.041"/>
  <system-out/>
</testsuite> <!-- com.qa.e2e.DeactivationLetterScenario.tests.TC02_AdminPortal_DeactivationLetterScenario_ChangeStatus -->
