<?xml version="1.0" encoding="UTF-8"?>
<!-- Generated by org.testng.reporters.JUnitReportReporter -->
<testsuite hostname="LPANDIRI-E7440" failures="0" tests="1" name="com.qa.regression.adminportal.patients.tests.TC25_AdminPortal_TreatmentsTab_VerifyDOSAndEOBDateFieldsWithNonNumericCharsTest" time="118.689" errors="0" timestamp="2022-03-09T14:50:55 EST" skipped="0">
  <testcase classname="com.qa.regression.adminportal.patients.tests.TC25_AdminPortal_TreatmentsTab_VerifyDOSAndEOBDateFieldsWithNonNumericCharsTest" name="VerifyDOSAndEOBNotAcceptNonNumeric" time="118.689"/>
  <system-out/>
</testsuite> <!-- com.qa.regression.adminportal.patients.tests.TC25_AdminPortal_TreatmentsTab_VerifyDOSAndEOBDateFieldsWithNonNumericCharsTest -->
