<?xml version="1.0" encoding="UTF-8"?>
<!-- Generated by org.testng.reporters.JUnitReportReporter -->
<testsuite hostname="LPANDIRI-E7440" failures="0" tests="1" name="com.qa.e2e.CTPWorkflow.tests.New_TC06_CTP_VerifyTreatmentList" time="105.479" errors="0" timestamp="2022-02-03T22:12:19 EST" skipped="0">
  <testcase classname="com.qa.e2e.CTPWorkflow.tests.New_TC06_CTP_VerifyTreatmentList" name="AddIncomingFaxAndTreatment" time="105.479"/>
  <system-out/>
</testsuite> <!-- com.qa.e2e.CTPWorkflow.tests.New_TC06_CTP_VerifyTreatmentList -->
