<?xml version="1.0" encoding="UTF-8"?>
<!-- Generated by org.testng.reporters.JUnitReportReporter -->
<testsuite hostname="LPANDIRI-E7440" failures="0" tests="2" name="com.qa.regression.adminportal.patients.tests.TC19_AdminPortal_Patients_VerifyFaxInfoTabPage" time="149.323" errors="0" timestamp="2022-03-09T14:50:54 EST" skipped="0">
  <testcase classname="com.qa.regression.adminportal.patients.tests.TC19_AdminPortal_Patients_VerifyFaxInfoTabPage" name="VerifyLinksInFaxInfoTab_DrugReimbursement" time="40.115"/>
  <system-out/>
  <testcase classname="com.qa.regression.adminportal.patients.tests.TC19_AdminPortal_Patients_VerifyFaxInfoTabPage" name="VerifyFaxInfoPageContent_DrugReimbursement" time="109.208"/>
  <system-out/>
</testsuite> <!-- com.qa.regression.adminportal.patients.tests.TC19_AdminPortal_Patients_VerifyFaxInfoTabPage -->
