<?xml version="1.0" encoding="UTF-8"?>
<!-- Generated by org.testng.reporters.JUnitReportReporter -->
<testsuite hostname="LPANDIRI-E7440" failures="0" tests="1" name="com.qa.regression.adminportal.patients.tests.TC45_AdminPortal_VerifyShipToAddressUpdate_CTM" time="278.551" errors="0" timestamp="2022-01-21T14:37:25 EST" skipped="0">
  <testcase classname="com.qa.regression.adminportal.patients.tests.TC45_AdminPortal_VerifyShipToAddressUpdate_CTM" name="VerifyShipToAddressUpdate_CTM" time="278.551"/>
  <system-out/>
</testsuite> <!-- com.qa.regression.adminportal.patients.tests.TC45_AdminPortal_VerifyShipToAddressUpdate_CTM -->
