<?xml version="1.0" encoding="UTF-8"?>
<!-- Generated by org.testng.reporters.JUnitReportReporter -->
<testsuite hostname="LPANDIRI-E7440" failures="0" tests="1" name="com.qa.e2e.TwoDrugEnrollmentLucentisSusvimo.test.TC05_TwoDrugEnrollment_FaxAndTreatmentTest" time="154.943" errors="0" timestamp="2022-02-03T22:12:19 EST" skipped="0">
  <testcase classname="com.qa.e2e.TwoDrugEnrollmentLucentisSusvimo.test.TC05_TwoDrugEnrollment_FaxAndTreatmentTest" name="AddIncomingFaxAndTreatment" time="154.943"/>
  <system-out/>
</testsuite> <!-- com.qa.e2e.TwoDrugEnrollmentLucentisSusvimo.test.TC05_TwoDrugEnrollment_FaxAndTreatmentTest -->
