<?xml version="1.0" encoding="UTF-8"?>
<!-- Generated by org.testng.reporters.JUnitReportReporter -->
<testsuite hostname="LPANDIRI-E7440" failures="0" tests="3" name="com.adminXolair.qa.providerstest.tests.TC38_AdminPortal_PG_BO_VerifyAbilityToAddGPInBOAndUngroupBOInGPParentProvidersTabTest" time="365.292" errors="0" timestamp="2022-01-21T14:37:26 EST" skipped="0">
  <testcase classname="com.adminXolair.qa.providerstest.tests.TC38_AdminPortal_PG_BO_VerifyAbilityToAddGPInBOAndUngroupBOInGPParentProvidersTabTest" name="Verify_PG_BO_ProvidersTab_AddAndUngroupProviderByProviderNPI" time="115.187"/>
  <system-out/>
  <testcase classname="com.adminXolair.qa.providerstest.tests.TC38_AdminPortal_PG_BO_VerifyAbilityToAddGPInBOAndUngroupBOInGPParentProvidersTabTest" name="Verify_PG_BO_ProvidersTab_AddAndUngroupProviderByProviderName" time="122.727"/>
  <system-out/>
  <testcase classname="com.adminXolair.qa.providerstest.tests.TC38_AdminPortal_PG_BO_VerifyAbilityToAddGPInBOAndUngroupBOInGPParentProvidersTabTest" name="Verify_PG_BO_ProvidersTab_AddAndUngroupProviderByProviderLastName" time="127.378"/>
  <system-out/>
</testsuite> <!-- com.adminXolair.qa.providerstest.tests.TC38_AdminPortal_PG_BO_VerifyAbilityToAddGPInBOAndUngroupBOInGPParentProvidersTabTest -->
