<?xml version="1.0" encoding="UTF-8"?>
<!-- Generated by org.testng.reporters.JUnitReportReporter -->
<testsuite hostname="LPANDIRI-E7440" failures="0" tests="1" name="com.adminXolair.qa.providerstest.tests.TC17_AdminPortal_PG_BO_VerifyProvidersTabInBOAndCardInfoPageTest" time="53.982" errors="0" timestamp="2022-03-09T14:50:54 EST" skipped="0">
  <testcase classname="com.adminXolair.qa.providerstest.tests.TC17_AdminPortal_PG_BO_VerifyProvidersTabInBOAndCardInfoPageTest" name="Verify_PG_GP_ProvidersTab" time="53.982"/>
  <system-out/>
</testsuite> <!-- com.adminXolair.qa.providerstest.tests.TC17_AdminPortal_PG_BO_VerifyProvidersTabInBOAndCardInfoPageTest -->
