<?xml version="1.0" encoding="UTF-8"?>
<!-- Generated by org.testng.reporters.JUnitReportReporter -->
<testsuite hostname="LPANDIRI-E7440" failures="0" tests="1" name="com.adminXolair.qa.providerstest.tests.TC46_AdminPortal_PG_BO_VerifyPaymentsTab" time="163.057" errors="0" timestamp="2022-01-21T14:37:25 EST" skipped="0">
  <testcase classname="com.adminXolair.qa.providerstest.tests.TC46_AdminPortal_PG_BO_VerifyPaymentsTab" name="VerifyBOPaymentsTabContent" time="163.057"/>
  <system-out/>
</testsuite> <!-- com.adminXolair.qa.providerstest.tests.TC46_AdminPortal_PG_BO_VerifyPaymentsTab -->
