<?xml version="1.0" encoding="UTF-8"?>
<!-- Generated by org.testng.reporters.JUnitReportReporter -->
<testsuite hostname="LPANDIRI-E7440" failures="0" tests="2" name="com.qa.regression.adminportal.patients.tests.TC13_AdminPortal_Patients_MatchPatientWithPhysicianByGPLastName" time="66.908" errors="0" timestamp="2022-03-09T14:50:54 EST" skipped="0">
  <testcase classname="com.qa.regression.adminportal.patients.tests.TC13_AdminPortal_Patients_MatchPatientWithPhysicianByGPLastName" name="Verify_Patients_MatchSecondaryPhysician_GPLastName_DrugReimbursement" time="31.944"/>
  <system-out/>
  <testcase classname="com.qa.regression.adminportal.patients.tests.TC13_AdminPortal_Patients_MatchPatientWithPhysicianByGPLastName" name="Verify_Patients_MatchPrimaryPhysician_GPLastName_DrugReimbursement" time="34.964"/>
  <system-out/>
</testsuite> <!-- com.qa.regression.adminportal.patients.tests.TC13_AdminPortal_Patients_MatchPatientWithPhysicianByGPLastName -->
