<?xml version="1.0" encoding="UTF-8"?>
<!-- Generated by org.testng.reporters.JUnitReportReporter -->
<testsuite hostname="LPANDIRI-E7440" failures="0" tests="1" name="com.qa.e2e.ACHWorkflow.test.New_TC01_PatientPortal_ACH_LucentisEnrollment" time="105.709" errors="0" timestamp="2022-02-03T22:12:19 EST" skipped="0">
  <testcase classname="com.qa.e2e.ACHWorkflow.test.New_TC01_PatientPortal_ACH_LucentisEnrollment" name="HubLogin" time="105.709"/>
  <system-out/>
</testsuite> <!-- com.qa.e2e.ACHWorkflow.test.New_TC01_PatientPortal_ACH_LucentisEnrollment -->
